# JRE version: OpenJDK Runtime Environment (11.0.8+10) (build 11.0.8+10-b944.6842174)
# Java VM: OpenJDK 64-Bit Server VM (11.0.8+10-b944.6842174, mixed mode, tiered, compressed oops, g1 gc, windows-amd64)
Heap:
 garbage-first heap   total 650240K, used 242456K [0x0000000080000000, 0x0000000100000000)
  region size 1024K, 3 young (3072K), 3 survivors (3072K)
 Metaspace       used 149815K, capacity 153292K, committed 156988K, reserved 1185792K
  class space    used 17819K, capacity 19130K, committed 19840K, reserved 1048576K
GC Heap History (20 events):
Event: 5295.009 GC heap after
{Heap after GC invocations=112 (full 0):
 garbage-first heap   total 444416K, used 168740K [0x0000000080000000, 0x0000000100000000)
  region size 1024K, 28 young (28672K), 28 survivors (28672K)
 Metaspace       used 148797K, capacity 152254K, committed 156988K, reserved 1185792K
  class space    used 17686K, capacity 18990K, committed 19840K, reserved 1048576K
}
Event: 5295.013 GC heap before
{Heap before GC invocations=112 (full 0):
 garbage-first heap   total 444416K, used 169764K [0x0000000080000000, 0x0000000100000000)
  region size 1024K, 29 young (29696K), 28 survivors (28672K)
 Metaspace       used 148797K, capacity 152254K, committed 156988K, reserved 1185792K
  class space    used 17686K, capacity 18990K, committed 19840K, reserved 1048576K
}
Event: 5295.050 GC heap after
{Heap after GC invocations=113 (full 0):
 garbage-first heap   total 444416K, used 167533K [0x0000000080000000, 0x0000000100000000)
  region size 1024K, 2 young (2048K), 2 survivors (2048K)
 Metaspace       used 148797K, capacity 152254K, committed 156988K, reserved 1185792K
  class space    used 17686K, capacity 18990K, committed 19840K, reserved 1048576K
}
Event: 5295.105 GC heap before
{Heap before GC invocations=113 (full 0):
 garbage-first heap   total 444416K, used 174701K [0x0000000080000000, 0x0000000100000000)
  region size 1024K, 11 young (11264K), 2 survivors (2048K)
 Metaspace       used 148817K, capacity 152257K, committed 156988K, reserved 1185792K
  class space    used 17688K, capacity 18991K, committed 19840K, reserved 1048576K
}
Event: 5295.119 GC heap after
{Heap after GC invocations=114 (full 0):
 garbage-first heap   total 444416K, used 167971K [0x0000000080000000, 0x0000000100000000)
  region size 1024K, 3 young (3072K), 3 survivors (3072K)
 Metaspace       used 148817K, capacity 152257K, committed 156988K, reserved 1185792K
  class space    used 17688K, capacity 18991K, committed 19840K, reserved 1048576K
}
Event: 5296.180 GC heap before
{Heap before GC invocations=115 (full 0):
 garbage-first heap   total 444416K, used 359459K [0x0000000080000000, 0x0000000100000000)
  region size 1024K, 185 young (189440K), 3 survivors (3072K)
 Metaspace       used 149789K, capacity 153285K, committed 156988K, reserved 1185792K
  class space    used 17816K, capacity 19128K, committed 19840K, reserved 1048576K
}
Event: 5296.195 GC heap after
{Heap after GC invocations=116 (full 0):
 garbage-first heap   total 444416K, used 174865K [0x0000000080000000, 0x0000000100000000)
  region size 1024K, 10 young (10240K), 10 survivors (10240K)
 Metaspace       used 149789K, capacity 153285K, committed 156988K, reserved 1185792K
  class space    used 17816K, capacity 19128K, committed 19840K, reserved 1048576K
}
Event: 5296.230 GC heap before
{Heap before GC invocations=116 (full 0):
 garbage-first heap   total 444416K, used 185105K [0x0000000080000000, 0x0000000100000000)
  region size 1024K, 21 young (21504K), 10 survivors (10240K)
 Metaspace       used 149789K, capacity 153285K, committed 156988K, reserved 1185792K
  class space    used 17816K, capacity 19128K, committed 19840K, reserved 1048576K
}
Event: 5296.241 GC heap after
{Heap after GC invocations=117 (full 0):
 garbage-first heap   total 444416K, used 176009K [0x0000000080000000, 0x0000000100000000)
  region size 1024K, 3 young (3072K), 3 survivors (3072K)
 Metaspace       used 149789K, capacity 153285K, committed 156988K, reserved 1185792K
  class space    used 17816K, capacity 19128K, committed 19840K, reserved 1048576K
}
Event: 5296.648 GC heap before
{Heap before GC invocations=117 (full 0):
 garbage-first heap   total 444416K, used 284553K [0x0000000080000000, 0x0000000100000000)
  region size 1024K, 111 young (113664K), 3 survivors (3072K)
 Metaspace       used 149789K, capacity 153285K, committed 156988K, reserved 1185792K
  class space    used 17816K, capacity 19128K, committed 19840K, reserved 1048576K
}
Event: 5296.656 GC heap after
{Heap after GC invocations=118 (full 0):
 garbage-first heap   total 444416K, used 196579K [0x0000000080000000, 0x0000000100000000)
  region size 1024K, 23 young (23552K), 23 survivors (23552K)
 Metaspace       used 149789K, capacity 153285K, committed 156988K, reserved 1185792K
  class space    used 17816K, capacity 19128K, committed 19840K, reserved 1048576K
}
Event: 5297.193 GC heap before
{Heap before GC invocations=119 (full 0):
 garbage-first heap   total 444416K, used 339939K [0x0000000080000000, 0x0000000100000000)
  region size 1024K, 172 young (176128K), 23 survivors (23552K)
 Metaspace       used 149796K, capacity 153289K, committed 156988K, reserved 1185792K
  class space    used 17817K, capacity 19129K, committed 19840K, reserved 1048576K
}
Event: 5297.227 GC heap after
{Heap after GC invocations=120 (full 0):
 garbage-first heap   total 444416K, used 222863K [0x0000000080000000, 0x0000000100000000)
  region size 1024K, 22 young (22528K), 22 survivors (22528K)
 Metaspace       used 149796K, capacity 153289K, committed 156988K, reserved 1185792K
  class space    used 17817K, capacity 19129K, committed 19840K, reserved 1048576K
}
Event: 5297.230 GC heap before
{Heap before GC invocations=120 (full 0):
 garbage-first heap   total 444416K, used 223887K [0x0000000080000000, 0x0000000100000000)
  region size 1024K, 23 young (23552K), 22 survivors (22528K)
 Metaspace       used 149796K, capacity 153289K, committed 156988K, reserved 1185792K
  class space    used 17817K, capacity 19129K, committed 19840K, reserved 1048576K
}
Event: 5297.266 GC heap after
{Heap after GC invocations=121 (full 0):
 garbage-first heap   total 444416K, used 196095K [0x0000000080000000, 0x0000000100000000)
  region size 1024K, 3 young (3072K), 3 survivors (3072K)
 Metaspace       used 149796K, capacity 153289K, committed 156988K, reserved 1185792K
  class space    used 17817K, capacity 19129K, committed 19840K, reserved 1048576K
}
Event: 5297.414 GC heap before
{Heap before GC invocations=121 (full 0):
 garbage-first heap   total 444416K, used 247295K [0x0000000080000000, 0x0000000100000000)
  region size 1024K, 54 young (55296K), 3 survivors (3072K)
 Metaspace       used 149796K, capacity 153289K, committed 156988K, reserved 1185792K
  class space    used 17817K, capacity 19129K, committed 19840K, reserved 1048576K
}
Event: 5297.440 GC heap after
{Heap after GC invocations=122 (full 0):
 garbage-first heap   total 444416K, used 207864K [0x0000000080000000, 0x0000000100000000)
  region size 1024K, 15 young (15360K), 15 survivors (15360K)
 Metaspace       used 149796K, capacity 153289K, committed 156988K, reserved 1185792K
  class space    used 17817K, capacity 19129K, committed 19840K, reserved 1048576K
}
Event: 5298.010 GC heap before
{Heap before GC invocations=123 (full 0):
 garbage-first heap   total 444416K, used 347128K [0x0000000080000000, 0x0000000100000000)
  region size 1024K, 147 young (150528K), 15 survivors (15360K)
 Metaspace       used 149812K, capacity 153292K, committed 156988K, reserved 1185792K
  class space    used 17819K, capacity 19130K, committed 19840K, reserved 1048576K
}
Event: 5298.062 GC heap after
{Heap after GC invocations=124 (full 0):
 garbage-first heap   total 444416K, used 240260K [0x0000000080000000, 0x0000000100000000)
  region size 1024K, 19 young (19456K), 19 survivors (19456K)
 Metaspace       used 149812K, capacity 153292K, committed 156988K, reserved 1185792K
  class space    used 17819K, capacity 19130K, committed 19840K, reserved 1048576K
}
Event: 5298.072 GC heap before
{Heap before GC invocations=124 (full 0):
 garbage-first heap   total 444416K, used 242308K [0x0000000080000000, 0x0000000100000000)
  region size 1024K, 21 young (21504K), 19 survivors (19456K)
 Metaspace       used 149815K, capacity 153292K, committed 156988K, reserved 1185792K
  class space    used 17819K, capacity 19130K, committed 19840K, reserved 1048576K
}

